1642712529969:help
1642712547074:add_author
1642712567053:add_author 3 krylov
1642712595756:remove_author 5
1642713023423:get_authors
1642713105504:get_genres
1642754824813:get genres
1642754834366:get_genres
1642754840855:get_authors
1642754847150:get_books
1642769212953:help
1642769237382:ins_author nosov
1642769672201:get_authors
1642771233796:ins_author nosov
1642771637965:get_authors
1642772504104:ins_authors nosov
1642772514586:ins_author nosov
1642796197224:help
1642796246945:ins_author nosov
1642796280829:ins_book neznaika nosov adventure
1642796409523:ins_author nosov
1642796421411:ins_book neznaika nosov adventure
1642796448776:ins_book neznaika nosov adventures
1642796557095:get_books
1642797003529:ins_author nosov
1642797028060:ins_book neznaika nosov adventures
1642797034698:get_books
1642868209439:ins_book balda Pushkin adventures
1642880928804:help
1642880953774:exit
